{"C:\\Users\\Cliente\\Documents\\Estudos\\KingTech\\KingTech\\src\\utils\\formatCurrency.ts": {"path":"C:\\Users\\Cliente\\Documents\\Estudos\\KingTech\\KingTech\\src\\utils\\formatCurrency.ts","statementMap":{"0":{"start":{"line":1,"column":29},"end":{"line":1,"column":null}},"1":{"start":{"line":1,"column":48},"end":{"line":1,"column":null}}},"fnMap":{"0":{"name":"(anonymous_0)","decl":{"start":{"line":1,"column":29},"end":{"line":1,"column":30}},"loc":{"start":{"line":1,"column":48},"end":{"line":1,"column":null}},"line":1}},"branchMap":{},"s":{"0":0,"1":0},"f":{"0":0},"b":{},"meta":{"lastBranch":0,"lastFunction":1,"lastStatement":2,"seen":{"s:1:29:1:Infinity":0,"f:1:29:1:30":0,"s:1:48:1:Infinity":1}}}
,"C:\\Users\\Cliente\\Documents\\Estudos\\KingTech\\KingTech\\src\\utils\\validateData.ts": {"path":"C:\\Users\\Cliente\\Documents\\Estudos\\KingTech\\KingTech\\src\\utils\\validateData.ts","statementMap":{"0":{"start":{"line":13,"column":21},"end":{"line":13,"column":null}},"1":{"start":{"line":14,"column":18},"end":{"line":14,"column":null}},"2":{"start":{"line":16,"column":38},"end":{"line":50,"column":null}},"3":{"start":{"line":19,"column":22},"end":{"line":19,"column":null}},"4":{"start":{"line":22,"column":21},"end":{"line":22,"column":42}},"5":{"start":{"line":24,"column":32},"end":{"line":24,"column":null}},"6":{"start":{"line":25,"column":24},"end":{"line":25,"column":null}},"7":{"start":{"line":26,"column":22},"end":{"line":26,"column":null}},"8":{"start":{"line":29,"column":12},"end":{"line":31,"column":null}},"9":{"start":{"line":34,"column":8},"end":{"line":34,"column":null}},"10":{"start":{"line":37,"column":32},"end":{"line":37,"column":null}},"11":{"start":{"line":38,"column":22},"end":{"line":38,"column":null}},"12":{"start":{"line":39,"column":18},"end":{"line":39,"column":null}},"13":{"start":{"line":41,"column":12},"end":{"line":42,"column":null}},"14":{"start":{"line":44,"column":24},"end":{"line":44,"column":null}},"15":{"start":{"line":46,"column":8},"end":{"line":46,"column":null}},"16":{"start":{"line":49,"column":197},"end":{"line":49,"column":217}},"17":{"start":{"line":52,"column":36},"end":{"line":88,"column":null}},"18":{"start":{"line":54,"column":61},"end":{"line":54,"column":null}},"19":{"start":{"line":56,"column":4},"end":{"line":63,"column":null}},"20":{"start":{"line":57,"column":8},"end":{"line":62,"column":null}},"21":{"start":{"line":65,"column":4},"end":{"line":85,"column":null}},"22":{"start":{"line":66,"column":8},"end":{"line":72,"column":null}},"23":{"start":{"line":74,"column":8},"end":{"line":74,"column":null}},"24":{"start":{"line":76,"column":8},"end":{"line":84,"column":null}},"25":{"start":{"line":77,"column":31},"end":{"line":77,"column":46}},"26":{"start":{"line":78,"column":12},"end":{"line":83,"column":null}},"27":{"start":{"line":87,"column":4},"end":{"line":87,"column":null}},"28":{"start":{"line":90,"column":35},"end":{"line":93,"column":null}},"29":{"start":{"line":92,"column":209},"end":{"line":92,"column":229}},"30":{"start":{"line":95,"column":33},"end":{"line":118,"column":null}},"31":{"start":{"line":96,"column":32},"end":{"line":96,"column":null}},"32":{"start":{"line":98,"column":4},"end":{"line":115,"column":null}},"33":{"start":{"line":99,"column":8},"end":{"line":102,"column":null}},"34":{"start":{"line":104,"column":8},"end":{"line":104,"column":null}},"35":{"start":{"line":106,"column":8},"end":{"line":114,"column":null}},"36":{"start":{"line":107,"column":31},"end":{"line":107,"column":46}},"37":{"start":{"line":108,"column":12},"end":{"line":113,"column":null}},"38":{"start":{"line":117,"column":4},"end":{"line":117,"column":null}}},"fnMap":{"0":{"name":"(anonymous_0)","decl":{"start":{"line":19,"column":15},"end":{"line":19,"column":22}},"loc":{"start":{"line":19,"column":22},"end":{"line":19,"column":null}},"line":19},"1":{"name":"(anonymous_1)","decl":{"start":{"line":22,"column":12},"end":{"line":22,"column":13}},"loc":{"start":{"line":22,"column":21},"end":{"line":22,"column":42}},"line":22},"2":{"name":"(anonymous_2)","decl":{"start":{"line":23,"column":12},"end":{"line":23,"column":13}},"loc":{"start":{"line":23,"column":13},"end":{"line":35,"column":7}},"line":23},"3":{"name":"(anonymous_3)","decl":{"start":{"line":36,"column":12},"end":{"line":36,"column":13}},"loc":{"start":{"line":36,"column":13},"end":{"line":47,"column":7}},"line":36},"4":{"name":"(anonymous_4)","decl":{"start":{"line":49,"column":188},"end":{"line":49,"column":189}},"loc":{"start":{"line":49,"column":197},"end":{"line":49,"column":217}},"line":49},"5":{"name":"(anonymous_5)","decl":{"start":{"line":52,"column":36},"end":{"line":52,"column":43}},"loc":{"start":{"line":52,"column":71},"end":{"line":88,"column":null}},"line":52},"6":{"name":"(anonymous_6)","decl":{"start":{"line":92,"column":200},"end":{"line":92,"column":201}},"loc":{"start":{"line":92,"column":209},"end":{"line":92,"column":229}},"line":92},"7":{"name":"(anonymous_7)","decl":{"start":{"line":95,"column":33},"end":{"line":95,"column":40}},"loc":{"start":{"line":95,"column":40},"end":{"line":118,"column":null}},"line":95}},"branchMap":{"0":{"loc":{"start":{"line":29,"column":12},"end":{"line":31,"column":null}},"type":"binary-expr","locations":[{"start":{"line":29,"column":12},"end":{"line":29,"column":null}},{"start":{"line":30,"column":12},"end":{"line":30,"column":null}},{"start":{"line":31,"column":12},"end":{"line":31,"column":null}}],"line":29},"1":{"loc":{"start":{"line":34,"column":15},"end":{"line":34,"column":null}},"type":"binary-expr","locations":[{"start":{"line":34,"column":15},"end":{"line":34,"column":28}},{"start":{"line":34,"column":28},"end":{"line":34,"column":null}}],"line":34},"2":{"loc":{"start":{"line":41,"column":12},"end":{"line":42,"column":null}},"type":"binary-expr","locations":[{"start":{"line":41,"column":12},"end":{"line":41,"column":null}},{"start":{"line":42,"column":13},"end":{"line":42,"column":47}},{"start":{"line":42,"column":47},"end":{"line":42,"column":null}}],"line":41},"3":{"loc":{"start":{"line":44,"column":24},"end":{"line":44,"column":null}},"type":"cond-expr","locations":[{"start":{"line":44,"column":46},"end":{"line":44,"column":52}},{"start":{"line":44,"column":52},"end":{"line":44,"column":null}}],"line":44},"4":{"loc":{"start":{"line":56,"column":4},"end":{"line":63,"column":null}},"type":"if","locations":[{"start":{"line":56,"column":4},"end":{"line":63,"column":null}},{"start":{},"end":{}}],"line":56},"5":{"loc":{"start":{"line":76,"column":8},"end":{"line":84,"column":null}},"type":"if","locations":[{"start":{"line":76,"column":8},"end":{"line":84,"column":null}},{"start":{},"end":{}}],"line":76},"6":{"loc":{"start":{"line":106,"column":8},"end":{"line":114,"column":null}},"type":"if","locations":[{"start":{"line":106,"column":8},"end":{"line":114,"column":null}},{"start":{},"end":{}}],"line":106}},"s":{"0":2,"1":2,"2":2,"3":1,"4":17,"5":17,"6":17,"7":17,"8":17,"9":17,"10":17,"11":17,"12":17,"13":17,"14":17,"15":17,"16":17,"17":2,"18":19,"19":19,"20":1,"21":18,"22":18,"23":18,"24":17,"25":17,"26":17,"27":0,"28":2,"29":7,"30":2,"31":8,"32":8,"33":8,"34":8,"35":7,"36":7,"37":7,"38":0},"f":{"0":1,"1":17,"2":17,"3":17,"4":17,"5":19,"6":7,"7":8},"b":{"0":[17,15,15],"1":[17,15],"2":[17,16,0],"3":[1,16],"4":[1,18],"5":[17,0],"6":[7,0]},"meta":{"lastBranch":7,"lastFunction":8,"lastStatement":39,"seen":{"s:13:21:13:Infinity":0,"s:14:18:14:Infinity":1,"s:16:38:50:Infinity":2,"f:19:15:19:22":0,"s:19:22:19:Infinity":3,"f:22:12:22:13":1,"s:22:21:22:42":4,"f:23:12:23:13":2,"s:24:32:24:Infinity":5,"s:25:24:25:Infinity":6,"s:26:22:26:Infinity":7,"s:29:12:31:Infinity":8,"b:29:12:29:Infinity:30:12:30:Infinity:31:12:31:Infinity":0,"s:34:8:34:Infinity":9,"b:34:15:34:28:34:28:34:Infinity":1,"f:36:12:36:13":3,"s:37:32:37:Infinity":10,"s:38:22:38:Infinity":11,"s:39:18:39:Infinity":12,"s:41:12:42:Infinity":13,"b:41:12:41:Infinity:42:13:42:47:42:47:42:Infinity":2,"s:44:24:44:Infinity":14,"b:44:46:44:52:44:52:44:Infinity":3,"s:46:8:46:Infinity":15,"f:49:188:49:189":4,"s:49:197:49:217":16,"s:52:36:88:Infinity":17,"f:52:36:52:43":5,"s:54:61:54:Infinity":18,"b:56:4:63:Infinity:undefined:undefined:undefined:undefined":4,"s:56:4:63:Infinity":19,"s:57:8:62:Infinity":20,"s:65:4:85:Infinity":21,"s:66:8:72:Infinity":22,"s:74:8:74:Infinity":23,"b:76:8:84:Infinity:undefined:undefined:undefined:undefined":5,"s:76:8:84:Infinity":24,"s:77:31:77:46":25,"s:78:12:83:Infinity":26,"s:87:4:87:Infinity":27,"s:90:35:93:Infinity":28,"f:92:200:92:201":6,"s:92:209:92:229":29,"s:95:33:118:Infinity":30,"f:95:33:95:40":7,"s:96:32:96:Infinity":31,"s:98:4:115:Infinity":32,"s:99:8:102:Infinity":33,"s:104:8:104:Infinity":34,"b:106:8:114:Infinity:undefined:undefined:undefined:undefined":6,"s:106:8:114:Infinity":35,"s:107:31:107:46":36,"s:108:12:113:Infinity":37,"s:117:4:117:Infinity":38}}}
}
